2025-07-05 17:40:51 minor changes
2025-11-25 05:39:45 add sample data
2025-03-18 00:22:10 improve security
2025-07-23 13:08:05 remove test code
2025-09-10 12:02:04 update scripts
2025-01-08 06:30:57 better error handling
2025-01-19 23:54:28 tweak configs
2025-03-29 03:54:12 fix encoding issue
2025-05-18 09:31:14 patch memory leak
2025-09-25 10:27:56 patch vulnerability
2025-02-11 20:40:17 enhance logging
2025-08-21 03:14:05 clean project structure
2025-09-10 06:31:03 fix timezone issue
2025-06-09 10:02:29 fix crash issue
2025-05-02 15:09:56 fix bug
2025-11-15 05:36:42 reorganize files
2025-04-26 00:23:33 update logging
2025-09-22 12:19:37 add comments
2025-07-23 03:49:39 better error handling
2025-12-23 18:58:13 restructure modules
2025-01-29 08:18:40 update scripts
2025-12-08 21:25:52 update build script
2025-12-17 22:16:22 add helper function
2025-01-12 22:12:06 restructure project
2025-03-31 01:01:24 fix broken link
2025-11-16 14:58:22 tweak configs
2025-05-02 06:52:57 update scripts
2025-08-29 16:43:17 small refactor
2025-02-26 05:07:39 reduce complexity
2025-08-26 12:32:13 update gitignore
2025-11-06 21:38:46 update roadmap
2025-03-25 05:06:43 fix typo in code
2025-02-12 22:02:01 clean project structure
2025-09-21 02:30:39 fix timezone issue
2025-08-01 10:34:02 adjust validation rules
2025-05-21 08:28:42 add sample data
2025-08-04 19:26:13 update API endpoints
2025-04-22 01:58:25 enhance logging
2025-06-08 13:18:05 UI improvements
